<?xml version="1.0" encoding="UTF-8"?>
<!-- Generated by org.testng.reporters.JUnitXMLReporter -->
<testsuite ignored="0" hostname="LAPTOP-J55P4QPE" failures="0" tests="8" name="Default test" time="79.633" errors="0" timestamp="2025-01-31T18:36:03 AST">
  <testcase classname="myTestCases.MyTestCases" name="CheckTheDefaultLanguageIsEnglish" time="0.103"/>
  <testcase classname="myTestCases.MyTestCases" name="CheckTheDefaultCurrency" time="0.119"/>
  <testcase classname="myTestCases.MyTestCases" name="CheckTheMobileNumber" time="0.062"/>
  <testcase classname="myTestCases.MyTestCases" name="CheckQitafLogo" time="0.207"/>
  <testcase classname="myTestCases.MyTestCases" name="CheckHotelTabIsNotSelected" time="0.054"/>
  <testcase classname="myTestCases.MyTestCases" name="CheckDepatureDate" time="0.066"/>
  <testcase classname="myTestCases.MyTestCases" name="CheckReturnDate" time="0.047"/>
  <testcase classname="myTestCases.MyTestCases" name="RandomlyChangeWebSiteLanguage" time="59.273"/>
</testsuite> <!-- Default test -->
