<?xml version="1.0" encoding="UTF-8"?>
<testng-results ignored="0" total="8" passed="8" failed="0" skipped="0">
  <reporter-output>
  </reporter-output>
  <suite started-at="2025-01-31T18:34:43 AST" name="Default suite" finished-at="2025-01-31T18:36:03 AST" duration-ms="79633">
    <groups>
    </groups>
    <test started-at="2025-01-31T18:34:43 AST" name="Default test" finished-at="2025-01-31T18:36:03 AST" duration-ms="79633">
      <class name="myTestCases.MyTestCases">
        <test-method is-config="true" signature="mySetup()[pri:0, instance:myTestCases.MyTestCases@7642df8f]" started-at="2025-01-31T18:34:43 AST" name="mySetup" finished-at="2025-01-31T18:35:03 AST" duration-ms="19603" status="PASS">
          <reporter-output>
          </reporter-output>
        </test-method> <!-- mySetup -->
        <test-method signature="CheckTheDefaultLanguageIsEnglish()[pri:1, instance:myTestCases.MyTestCases@7642df8f]" started-at="2025-01-31T18:35:03 AST" name="CheckTheDefaultLanguageIsEnglish" finished-at="2025-01-31T18:35:03 AST" duration-ms="103" status="PASS">
          <reporter-output>
          </reporter-output>
        </test-method> <!-- CheckTheDefaultLanguageIsEnglish -->
        <test-method signature="CheckTheDefaultCurrency()[pri:2, instance:myTestCases.MyTestCases@7642df8f]" started-at="2025-01-31T18:35:03 AST" name="CheckTheDefaultCurrency" finished-at="2025-01-31T18:35:03 AST" duration-ms="119" status="PASS">
          <reporter-output>
          </reporter-output>
        </test-method> <!-- CheckTheDefaultCurrency -->
        <test-method signature="CheckTheMobileNumber()[pri:3, instance:myTestCases.MyTestCases@7642df8f]" started-at="2025-01-31T18:35:03 AST" name="CheckTheMobileNumber" finished-at="2025-01-31T18:35:03 AST" duration-ms="62" status="PASS">
          <reporter-output>
          </reporter-output>
        </test-method> <!-- CheckTheMobileNumber -->
        <test-method signature="CheckQitafLogo()[pri:4, instance:myTestCases.MyTestCases@7642df8f]" started-at="2025-01-31T18:35:03 AST" name="CheckQitafLogo" finished-at="2025-01-31T18:35:04 AST" duration-ms="207" status="PASS">
          <reporter-output>
          </reporter-output>
        </test-method> <!-- CheckQitafLogo -->
        <test-method signature="CheckHotelTabIsNotSelected()[pri:5, instance:myTestCases.MyTestCases@7642df8f]" started-at="2025-01-31T18:35:04 AST" name="CheckHotelTabIsNotSelected" finished-at="2025-01-31T18:35:04 AST" duration-ms="54" status="PASS">
          <reporter-output>
          </reporter-output>
        </test-method> <!-- CheckHotelTabIsNotSelected -->
        <test-method signature="CheckDepatureDate()[pri:6, instance:myTestCases.MyTestCases@7642df8f]" started-at="2025-01-31T18:35:04 AST" name="CheckDepatureDate" finished-at="2025-01-31T18:35:04 AST" duration-ms="66" status="PASS">
          <reporter-output>
          </reporter-output>
        </test-method> <!-- CheckDepatureDate -->
        <test-method signature="CheckReturnDate()[pri:7, instance:myTestCases.MyTestCases@7642df8f]" started-at="2025-01-31T18:35:04 AST" name="CheckReturnDate" finished-at="2025-01-31T18:35:04 AST" duration-ms="47" status="PASS">
          <reporter-output>
          </reporter-output>
        </test-method> <!-- CheckReturnDate -->
        <test-method signature="RandomlyChangeWebSiteLanguage()[pri:8, instance:myTestCases.MyTestCases@7642df8f]" started-at="2025-01-31T18:35:04 AST" name="RandomlyChangeWebSiteLanguage" finished-at="2025-01-31T18:36:03 AST" duration-ms="59273" status="PASS">
          <reporter-output>
          </reporter-output>
        </test-method> <!-- RandomlyChangeWebSiteLanguage -->
      </class> <!-- myTestCases.MyTestCases -->
    </test> <!-- Default test -->
  </suite> <!-- Default suite -->
</testng-results>
